None
All
16 cu.m LNG Ship.HCF
30m Tug with keel.HCF
BB Lifter.zip
Break Bulk Lifter at Quayside.HCF
Break Bulk Lifter.HCF
Capesize Bulk Carrier at Quayside.HCF
Capesize Bulk Carrier.HCF
Cruise Ship.HCF
Gas Tranzport (Prismatic).HCF
Gas Tranzport at Quayside.HCF
hcf.lis
Moss (Spherical).HCF
Moss at Quayside.HCF
Offshore Supply Vessel.HCF
Panamax Bulk Carrier at Quayside.HCF
Panamax Bulk Carrier.HCF
Pontoon L=1.5B.HCF
Pontoon L=10B.HCF
Pontoon L=2.5B.HCF
Pontoon L=2B.HCF
Pontoon L=3.5B End-on to Quayside.HCF
Pontoon L=3.5B.HCF
Pontoon L=3B at Quayside.HCF
Pontoon L=3B.HCF
Pontoon L=4.5B.HCF
Pontoon L=4B.HCF
Pontoon L=5B.HCF
Pontoon L=6B.HCF
Pontoon L=7B.HCF
Pontoon L=8B.HCF
Post-Panamax Cntnrship at Quayside.HCF
Post-Panamax Containership.HCF
QFlex (Prismatic LNG).HCF
QFlex at Quayside.HCF
QMax (Prismatic LNG).HCF
QMax at Quayside.HCF
RoPax at Quayside.HCF
RoPax Ferry.HCF
Small LNG Ship.HCF
VLCC at Quayside.HCF
VLCC.HCF